         w __deregister_frame_info
         w __register_frame_info
         w _ITM_deregisterTMCloneTable
         w _ITM_registerTMCloneTable
00000000 b .LANCHOR1
00000000 00000401 b __fixedpath
00000000 b _TLS_MODULE_BASE_
00000000 a shift
00000000 a shift
00000404 b .LANCHOR3
00000404 00000802 b __utf16path
00000c08 b .LANCHOR5
00000c08 00000802 b __utf16path_old.8107
00100000 a __start__
00100000 T _start
00100008 T __service_ptr
0010000c T __apt_appid
00100010 T __heap_size
00100014 T __linear_heap_size
00100018 T __system_arglist
0010001c T __system_runflags
00100020 t startup
00100058 t ClearMem
0010006c t ClrLoop
00100094 T _init
001000ac 000001ac T str_replace
00100258 00000434 T http_download
0010068c 000001cc T CreateFiles
00100858 00000098 T DownloadFiles
001008f0 00000024 T kys
00100914 T initSystem
00100958 T __ctru_exit
00100978 T __aeabi_idiv
00100978 00000220 T __divsi3
00100980 t .divsi3_skip_div0_test
00100b98 00000020 T __aeabi_idivmod
00100bb8 00000004 W __aeabi_idiv0
00100bb8 00000004 W __aeabi_ldiv0
00100bbc T __aeabi_uldivmod
00100c08 00000390 T strcmp
00100f90 t .udivsi3_skip_div0_test
00100f90 T __aeabi_uidiv
00100f90 000001ec T __udivsi3
0010117c 00000020 T __aeabi_uidivmod
0010119c t deregister_tm_clones
001011c8 t register_tm_clones
00101200 t __do_global_dtors_aux
00101244 t frame_dummy
00101278 000000e0 T main
00101358 000001c0 T consoleDrawChar
00101518 00000128 T consolePrintChar
00101640 00000184 t consoleCls
001017c4 00000104 T consoleInit
001018c8 00000138 t consoleClearLine
00101a00 000000c0 t newRow
00101ac0 00000810 T con_write
001022d0 0000008c t gfxSetFramebufferInfo.part.0
0010235c 00000018 T __get_bytes_per_pixel
00102374 00000184 T gfxSetScreenFormat
001024f8 00000010 T gfxSetDoubleBuffering
00102508 0000006c T gfxSetFramebufferInfo
00102574 000000b0 T gfxWriteFramebufferInfo
00102624 00000210 T gfxInit
00102834 00000010 T gfxInitDefault
00102844 000000e0 T gfxExit
00102924 000000a8 T gfxGetFramebuffer
001029cc 000000e8 T gfxFlushBuffers
00102ab4 00000060 T gfxConfigScreen
00102b14 00000020 T gfxSwapBuffers
00102b34 00000020 T gfxSwapBuffersGpu
00102b54 00000074 T gspInit
00102bc8 0000003c T gspExit
00102c04 000000a0 T gspInitEventHandler
00102ca4 00000040 T gspExitEventHandler
00102ce4 00000044 T gspWaitForEvent
00102d28 00000004 W gxCmdQueueInterrupt
00102d2c 00000174 t gspEventThreadMain
00102ea0 0000006c T GSPGPU_SetBufferSwap
00102f0c 0000004c T GSPGPU_FlushDataCache
00102f58 00000034 T GSPGPU_SetLcdForceBlack
00102f8c 00000064 T GSPGPU_RegisterInterruptRelayQueue
00102ff0 0000002c T GSPGPU_UnregisterInterruptRelayQueue
0010301c 00000048 T GSPGPU_AcquireRight
00103064 0000002c T GSPGPU_ReleaseRight
00103090 00000080 T GSPGPU_ImportDisplayCaptureInfo
00103110 0000002c T GSPGPU_SaveVramSysArea
0010313c 0000002c T GSPGPU_RestoreVramSysArea
00103168 0000008c T amAppInit
001031f4 0000003c T amExit
00103230 00000038 T AM_DeleteTitle
00103268 00000004 W _aptDebug
0010326c 0000015c T aptSendCommand
001033c8 0000003c t aptExitProcess
00103404 0000004c T APT_InquireNotification
00103450 0000019c t aptEventHandler
001035ec 00000074 T APT_AppletUtility
00103660 000000b0 T aptSetSleepAllowed
00103710 000000b0 T APT_GlanceParameter
001037c0 000000c4 T APT_ReceiveParameter
00103884 000000bc t aptReceiveParameter.constprop.1
00103940 000001e8 t aptScreenTransfer
00103b28 00000210 t aptWaitForWakeUp
00103d38 00000070 T APT_CancelParameter
00103da8 00000270 T aptInit
00104018 00000088 t aptClearParamQueue
001040a0 000001e4 t aptMainLoop.part.0
00104284 0000001c T aptMainLoop
001042a0 0000024c T aptExit
001044ec 0000007c T APT_CheckNew3DS
00104568 000000d0 T hidExit
00104638 0000026c T hidScanInput
001048a4 00000010 T hidKeysDown
001048b4 00000090 T HIDUSER_GetHandles
00104944 000001a8 T hidInit
00104aec 0000019c T httpcInit
00104c88 00000094 T httpcExit
00104d1c 00000138 T httpcOpenContext
00104e54 00000044 T httpcCloseContext
00104e98 00000080 T httpcAddRequestHeaderField
00104f18 00000030 T httpcBeginRequest
00104f48 00000044 T httpcReceiveData
00104f8c 00000100 T httpcDownloadData
0010508c 00000054 T httpcGetDownloadSizeState
001050e0 00000078 T httpcGetResponseHeader
00105158 0000003c T httpcGetResponseStatusCode
00105194 00000034 T httpcSetSSLOpt
001051c8 000000c0 T utf8_to_utf16
00105288 00000038 W __libctru_init
001052c0 00000030 t __ctru_get_reent
001052f0 000000e4 T __system_initSyscalls
001053d4 00000104 W __system_allocateHeaps
001054d8 000000ec T __system_initArgv
001055c4 T svcControlMemory
001055e4 T svcExitProcess
001055ec T svcCreateThread
0010560c T svcExitThread
00105614 T svcSleepThread
0010561c T svcReleaseMutex
00105624 T svcCreateEvent
00105638 T svcSignalEvent
00105640 T svcClearEvent
00105648 T svcCreateMemoryBlock
00105660 T svcMapMemoryBlock
00105668 T svcUnmapMemoryBlock
00105670 T svcCreateAddressArbiter
00105684 T svcArbitrateAddress
0010569c T svcCloseHandle
001056a4 T svcWaitSynchronization
001056ac T svcWaitSynchronizationN
001056d4 T svcDuplicateHandle
001056e8 T svcGetSystemTick
001056f0 T svcGetSystemInfo
00105708 T svcConnectToPort
0010571c T svcSendSyncRequest
00105724 T svcBreak
0010572c 00000024 t addrMapNodeComparator(rbtree_node const*, rbtree_node const*)
00105750 00000004 t addrMapNodeDestructor(rbtree_node*)
00105754 00000110 T vramMemAlign
00105864 00000008 T vramAlloc
0010586c 00000050 T vramFree
001058bc 00000024 t addrMapNodeComparator(rbtree_node const*, rbtree_node const*)
001058e0 00000004 t addrMapNodeDestructor(rbtree_node*)
001058e4 000000e4 T mappableAlloc
001059c8 00000050 T mappableFree
00105a18 00000024 t addrMapNodeComparator(rbtree_node const*, rbtree_node const*)
00105a3c 00000004 t addrMapNodeDestructor(rbtree_node*)
00105a40 0000011c T linearMemAlign
00105b5c 00000008 T linearAlloc
00105b64 00000050 T linearFree
00105bb4 00000098 T MemPool::CoalesceRight(MemBlock*)
00105c4c 0000016c T MemPool::Allocate(MemChunk&, unsigned long, int)
00105db8 000000fc T MemPool::Deallocate(MemChunk const&)
00105eb4 00000034 t LightLock_Unlock.part.1
00105ee8 0000000c T __sync_init
00105ef4 00000018 T __sync_fini
00105f0c 00000010 T __sync_get_arbiter
00105f1c 00000018 T LightLock_Init
00105f34 0000009c T LightLock_Lock
00105fd0 00000034 T LightLock_TryLock
00106004 00000020 T LightLock_Unlock
00106024 00000024 T RecursiveLock_Init
00106048 00000030 T RecursiveLock_Lock
00106078 00000058 T RecursiveLock_TryLock
001060d0 00000038 T RecursiveLock_Unlock
00106108 00000038 T LightEvent_Init
00106140 0000007c T LightEvent_Clear
001061bc 000000dc T LightEvent_Signal
00106298 000000bc T LightEvent_Wait
00106354 00000058 t getSysTime
001063ac 00000028 t __ctru_speedup_config.part.0
001063d4 00000024 T osGetMemRegionUsed
001063f8 00000128 T __libctru_gtod
00106520 00000018 T __ctru_speedup_config
00106538 00000058 T srvExit
00106590 00000038 T srvRegisterClient
001065c8 000000c4 T srvInit
0010668c 0000006c T srvGetServiceHandleDirect
001066f8 00000038 T srvGetServiceHandle
00106730 0000001c t threadFree.part.0
0010674c 000001ac T threadCreate
001068f8 00000024 T threadJoin
0010691c 00000064 T threadExit
00106980 00000040 t _thread_begin
001069c0 000000ac T irrstScanInput
00106a6c 00000024 T irrstKeysHeld
00106a90 00000050 T IRRST_GetHandles
00106ae0 00000158 T irrstInit
00106c38 0000002c T IRRST_Shutdown
00106c64 000000ac T irrstExit
00106d10 0000000c T srvPmGetSessionHandle
00106d1c 00000074 T ptmSysmInit
00106d90 0000003c T ptmSysmExit
00106dcc 00000034 T PTMSYSM_ConfigureNew3DSCPU
00106e00 00000014 T rbtree_init
00106e14 0000018c t do_insert
00106fa0 00000008 T rbtree_insert
00106fa8 00000094 T rbtree_rotate
0010703c 0000032c T rbtree_remove
00107368 0000006c T rbtree_find
001073d4 00000068 T encode_utf16
0010743c 00000138 T decode_utf8
00107574 0000001c W __appInit
00107590 0000001c W __appExit
001075ac 000000a4 W __libctru_exit
00107650 00000084 T envGetHandle
001076d4 0000004c T envDestroyHandles
00107720 00000010 t sdmc_link
00107730 00000010 t sdmc_dirreset
00107740 00000010 t sdmc_chmod
00107750 00000024 t error_cmp
00107774 00000050 t sdmc_translate_error
001077c4 00000034 t sdmc_fsync
001077f8 00000054 t sdmc_ftruncate
0010784c 000000b8 t sdmc_statvfs
00107904 00000038 t sdmc_dirclose
0010793c 00000138 t sdmc_dirnext
00107a74 00000034 t sdmc_close
00107aa8 00000074 t sdmc_fstat
00107b1c 000000d0 t sdmc_seek
00107bec 00000084 t sdmc_read
00107c70 000000c0 t sdmc_write
00107d30 000001a8 t sdmc_utf16path
00107ed8 00000074 t sdmc_rmdir
00107f4c 000000a0 t sdmc_diropen
00107fec 000000a0 t sdmc_chdir
0010808c 00000098 t sdmc_mkdir
00108124 00000108 t sdmc_rename
0010822c 00000074 t sdmc_unlink
001082a0 00000108 t sdmc_stat
001083a8 00000198 t sdmc_open
00108540 00000010 t sdmc_fchmod
00108550 00000168 T sdmcInit
001086b8 00000060 T sdmcExit
00108718 00000028 t fsSessionForArchive.part.0
00108740 000000d0 T fsInit
00108810 0000003c T fsExit
0010884c 00000074 T fsExemptFromSession
001088c0 00000050 T fsUnexemptFromSession
00108910 000000c0 T FSUSER_OpenFile
001089d0 000000a8 T FSUSER_DeleteFile
00108a78 000000e0 T FSUSER_RenameFile
00108b58 000000a8 T FSUSER_DeleteDirectory
00108c00 000000c0 T FSUSER_CreateFile
00108cc0 000000b0 T FSUSER_CreateDirectory
00108d70 000000e0 T FSUSER_RenameDirectory
00108e50 000000a4 T FSUSER_OpenDirectory
00108ef4 00000098 T FSUSER_OpenArchive
00108f8c 00000074 T FSUSER_CloseArchive
00109000 00000078 T FSUSER_GetSdmcArchiveResource
00109078 00000064 T FSUSER_IsSdmcWritable
001090dc 00000058 T FSFILE_Read
00109134 00000064 T FSFILE_Write
00109198 00000038 T FSFILE_GetSize
001091d0 00000028 T FSFILE_SetSize
001091f8 0000003c T FSFILE_Close
00109234 00000024 T FSFILE_Flush
00109258 00000054 T FSDIR_Read
001092ac 0000003c T FSDIR_Close
001092e8 00000074 T rbtree_node_next
0010935c 000000e8 T utf16_to_utf8
00109444 00000060 T decode_utf16
001094a4 T __aeabi_read_tp
001094b0 00000104 T encode_utf8
001095b4 00000158 T __udivmoddi4
0010970c 00000074 T bsearch
00109780 0000000c T __errno
0010978c 00000164 T _fclose_r
001098f0 00000018 T fclose
00109908 0000026c T __sflush_r
00109b74 00000094 T _fflush_r
00109c08 00000038 T fflush
00109c40 0000000c T _cleanup_r
00109c4c 00000078 t std.isra.0
00109cc4 00000048 T __sfmoreglue
00109d0c 0000008c T __sinit
00109d98 00000110 T __sfp
00109ea8 0000000c T __sfp_lock_acquire
00109eb4 0000000c T __sfp_lock_release
00109ec0 00000040 T __libc_fini_array
00109f00 00000140 T _fopen_r
0010a040 00000020 T fopen
0010a060 000000f8 T _malloc_trim_r
0010a158 000002e4 T _free_r
0010a43c 00000004 T _fseek_r
0010a440 000005d0 T _fseeko_r
0010aa10 00000070 T _fwalk
0010aa80 00000078 T _fwalk_reent
0010aaf8 000000f8 T _fwrite_r
0010abf0 00000038 T fwrite
0010ac28 0000007c T __libc_init_array
0010aca4 00000094 T __swhatbuf_r
0010ad38 000000f4 T __smakebuf_r
0010ae2c 00000020 T memalign
0010ae4c 00000158 T _memalign_r
0010afa4 00000018 T malloc
0010afbc 00000018 T free
0010afd4 000007a8 T _malloc_r
0010b77c 00000100 T memchr
0010b87c 0000010c T memcpy
0010b988 00000110 T memset
0010ba98 0000000c T __malloc_lock
0010baa4 0000000c T __malloc_unlock
0010bab0 00000038 T printf
0010bae8 0000001c T putchar
0010bb04 000000d4 T _putc_r
0010bbd8 000000e0 T _puts_r
0010bcb8 00000018 T puts
0010bcd0 00000020 T realloc
0010bcf0 000004d0 T _realloc_r
0010c1c0 0000001c t lflush
0010c1dc 000001ac T __srefill_r
0010c388 00000028 T remove
0010c3b0 00000264 T setvbuf
0010c614 00000074 T sscanf
0010c688 0000003c T __sread
0010c6c4 00000008 T __seofread
0010c6cc 00000064 T __swrite
0010c730 0000004c T __sseek
0010c77c 00000008 T __sclose
0010c784 0000005c T strlen
0010c7e0 00000098 T strncat
0010c878 000000d8 T strncpy
0010c950 0000005c T strnlen
0010c9ac 000027c8 T __ssvfscanf_r
0010f174 00000020 T stat
0010f194 0000001c t __sprint_r.part.0
0010f1b0 0000001c T __sprint_r
0010f1cc 000074a0 t get_arg
00116670 00003fd8 T _vfprintf_r
0011a648 000000d0 t __sbprintf
0011a718 00000108 T __swbuf_r
0011a820 000000a0 T _wcrtomb_r
0011a8c0 00000020 T _wcsrtombs_r
0011a8e0 00000148 T __swsetup_r
0011aa28 000001bc t quorem
0011abe8 00001224 T _dtoa_r
0011be0c 000000b0 T __sflags
0011bebc 00000498 T __sfvwrite_r
0011c354 00000074 T iswspace
0011c3c8 000001e0 t __jp2uc
0011c5a8 000000c4 T _jp2uc
0011c66c 00000008 T __localeconv_l
0011c674 00000024 T _localeconv_r
0011c698 00000024 T __locale_mb_cur_max
0011c6bc 00000008 T __locale_ctype_ptr_l
0011c6c4 00000024 T __locale_ctype_ptr
0011c6e8 000000b4 T _mbrtowc_r
0011c79c 000002fc T __utf8_mbtowc
0011ca98 0000013c T memmove
0011cbd4 00000088 T _Balloc
0011cc5c 0000001c T _Bfree
0011cc78 000000d0 T __multadd
0011cd48 000000e0 T __s2b
0011ce28 00000058 T __hi0bits
0011ce80 0000009c T __lo0bits
0011cf1c 00000020 T __i2b
0011cf3c 000001d4 T __multiply
0011d110 00000100 T __pow5mult
0011d210 000000e8 T __lshift
0011d2f8 0000005c T __mcmp
0011d354 00000168 T __mdiff
0011d4bc 00000078 T __ulp
0011d534 000000d0 T __b2d
0011d604 00000104 T __d2b
0011d708 00000084 T __ratio
0011d78c 00000088 T __copybits
0011d814 00000078 T __any_on
0011d88c 000000cc T __sccl
0011d958 0000000c T nanf
0011d968 0000009c T frexp
0011da04 00000064 T sprintf
0011da68 000000f8 T stpncpy
0011db60 00000180 T strchr
0011dce0 000000f8 T strncmp
0011ddd8 00000054 t sulp
0011de30 00001464 T _strtod_l
0011f294 0000003c T _strtod_r
0011f2d0 00000274 t _strtoll_l.isra.0
0011f544 00000050 T _strtoll_r
0011f594 000001bc t _strtol_l.isra.0
0011f750 00000050 T _strtol_r
0011f7a0 00000260 t _strtoull_l.isra.0
0011fa00 00000050 T _strtoull_r
0011fa50 000001d0 t _strtoul_l.isra.0
0011fc20 00000050 T _strtoul_r
0011fc70 00000188 T __ssprint_r
0011fdf8 000000dc T _sungetc_r
0011fed4 0000006c T __ssrefill_r
0011ff40 000000c8 T _sfread_r
00120008 000074a0 t get_arg
001274a8 00003e2c T _svfprintf_r
0012b2d4 000000a4 T __submore
0012b378 00000170 T _wcsnrtombs_l
0012b4e8 00000064 T _wcsnrtombs_r
0012b54c 000000e8 T __utf8_wctomb
0012b634 00000090 T _calloc_r
0012b6c4 00000104 t rshift
0012b7c8 000007f8 T __gethex
0012bfc0 00000060 T __match
0012c020 00000254 T __hexnan
0012c274 00000008 t null_write
0012c27c 00000018 T setDefaultDevice
0012c294 000000cc T FindDevice
0012c360 00000028 T RemoveDevice
0012c388 00000098 T AddDevice
0012c420 00000084 T _close_r
0012c4a4 00000074 T _fstat_r
0012c518 00000008 T _isatty_r
0012c520 00000084 T _lseek_r
0012c5a4 000000c4 T _open_r
0012c668 00000080 T _read_r
0012c6e8 00000070 T _sbrk_r
0012c758 0000006c T _stat_r
0012c7c4 00000064 T _unlink_r
0012c828 00000080 T _write_r
0012c8a8 000001cc T _concatenate_path
0012ca74 0000015c T chdir
0012cbd0 00000060 T mkdir
0012cc30 00000008 T __flockfile
0012cc38 00000008 T __funlockfile
0012cc40 00000018 T __libc_lock_acquire
0012cc58 00000018 T __libc_lock_release
0012cc70 00000018 T __libc_lock_init_recursive
0012cc88 00000018 T __libc_lock_acquire_recursive
0012cca0 00000018 T __libc_lock_release_recursive
0012ccb8 00000018 T __libc_lock_close_recursive
0012ccd0 0000008c T __release_handle
0012cd5c 000000b4 T __alloc_handle
0012ce10 00000018 T __get_handle
0012ce28 00000028 T __getreent
0012ce50 00000044 T strrchr
0012ce94 T _fini
0012d000 00000010 r downloadVersion.14115
0012d010 00000010 r urls.14114
0012d020 R default_font_bin
0012d820 R default_font_bin_end
0012d820 R default_font_bin_size
0012dce8 00000030 r colorTable
0012dd6c 00000068 r dotab_stdout
0012dde4 00000014 r CSWTCH.61
0012ddf8 00000008 r framebufferInfoSt
0012de80 00000030 r error_table
0012dec8 00000004 R _global_impure_ptr
0012ded4 00000022 r basefix.8603
0012df38 r .LC2
0012df3c 00000010 r blanks.8577
0012df4c 00000010 r zeroes.8578
0012df80 000000bc r a1
0012e03c 000000bc r a2
0012e0f8 0000005b r a3
0012e154 00000070 r a6
0012e1c4 000000a2 r a7
0012e268 00000040 r a8
0012e2a8 0000172a r b02cf
0012f9d4 00001a7c r d02f4
00131498 00000028 R __mprec_bigtens
001314c0 000000c8 R __mprec_tens
00131588 0000000c r p05.7353
001315a4 00000014 r fpi.7439
001315b8 00000014 r fpinan.7475
001315d0 00000028 r tinytens
001315f8 0000006c R __action_table
00131664 00000100 R __chclass
00131764 0000006c R __state_table
001317d0 00000010 r blanks.8562
001317e0 00000010 r zeroes.8563
001317f0 00000101 R _ctype_
001318f4 00000100 R __hexdig
001319fc 00000068 R dotab_stdnull
00131a64 00000003 R DIRECTORY_PARENT
00131a68 r __EH_FRAME_BEGIN__
00131a68 R __exidx_end
00131a68 R __exidx_start
00132000 W __stacksize__
00132004 00000004 D currentConsole
00132008 0000004c D defaultConsole
00132054 00000001 d firstConsoleInit.7969
00132055 00000001 d botFormat
00132058 00000008 d doubleBuf
00132060 00000001 d topFormat
00132064 00000004 d gspLastEvent
00132068 00000004 d aptFlags
0013206c 00000004 V __ctru_linear_heap_size
00132070 00000401 d __cwd
00132474 00000068 d sdmc_devoptab
001324dc 0000000c d __sfp_lock
001324e8 0000000c d __sinit_lock
001324f4 00000004 D _impure_ptr
001324f8 00000460 d impure_data
00132958 00000408 D __malloc_av_
00132d60 00000004 D __malloc_sbrk_base
00132d64 00000004 D __malloc_trim_threshold
00132d68 0000000c d __malloc_lock_object
00132d74 0000016c D __global_locale
00132ee0 00000004 d defaultDevice
00132ee4 00000040 D devoptab_list
00132f24 00001000 d _current_working_directory
00133f24 00000004 d __hndl_lock
00133f28 0000000c d __stderr_handle
00133f34 0000000c d __stdin_handle
00133f40 0000000c d __stdout_handle
00133f4c 00001000 d handles
00134f4c t __frame_dummy_init_array_entry
00134f4c T __init_array_start
00134f4c B __preinit_array_end
00134f4c B __preinit_array_start
00134f4c D __tdata_lma
00134f4c D __tdata_lma_end
00134f4c D __TMC_END__
00134f4c d __TMC_LIST__
00134f50 t __do_global_dtors_aux_fini_array_entry
00134f50 T __fini_array_start
00134f50 T __init_array_end
00134f54 T __bss_start__
00134f54 T __fini_array_end
00134f54 b saved_stack
00134f5c b completed.7759
00134f60 b object.7764
00134f78 00000002 b currentBuffer
00134f7a 00000001 b enable3d
00134f7c 00000004 b screenAlloc
00134f80 00000004 b screenFree
00134f84 00000004 b gspEvent
00134f88 0000001c b gspEventCb
00134fa4 0000001c b gspEventCbData
00134fc0 00000007 b gspEventCbOneShot
00134fc8 0000001c b gspEventCounts
00134fe4 00000004 b gspEventData
00134fe8 00000004 b gspEventThread
00134fec 00000038 b gspEvents
00135024 00000004 b gspRefCount
00135028 00000001 b gspRunEvents
0013502c 00000004 b amHandle
00135030 00000004 b amRefCount
00135034 00000001 b aptChainloadMediatype
00135038 00000008 b aptChainloadTid
00135040 00000004 b aptEventHandlerThread
00135044 0000000c b aptEvents
00135050 0000000c b aptFirstHook
0013505c 00000001 b aptHomeButtonState
00135060 00000004 b aptLockHandle
00135064 00000004 b aptMessageFunc
00135068 00000004 b aptMessageFuncData
0013506c 00001000 b aptParameters
0013606c 00000004 b aptRefCount
00136070 00000008 b aptSleepEvent
00136078 00000001 b flagInit.8115
00136079 00000001 b flagValue.8116
0013607c 00000004 b serviceName.7754
00136080 00000006 b aVec
00136088 00000004 b cPos
0013608c 00000006 b gRate
00136094 00000004 b hidRefCount
00136098 00000004 b kDown
0013609c 00000004 b kHeld
001360a0 00000004 b kOld
001360a4 00000004 b kUp
001360a8 00000004 b tPos
001360ac 00000004 b __httpc_refcount
001360b0 00000004 b __httpc_sharedmem_handle
001360b4 00000004 b __httpc_sharedmem_size
001360b8 00000004 V __ctru_heap_size
001360bc 0000000c b sAddrMap
001360c8 00000008 b sVramPool
001360d0 00000008 b sMappablePool
001360d8 0000000c b sAddrMap
001360e4 00000008 b sLinearPool
001360ec 0000000c b sAddrMap
001360f8 00000004 b arbiter
001360fc 00000001 V __ctru_speedup
00136100 00000004 b srvHandle
00136104 00000004 b srvRefCount
00136108 00000004 b csPos
0013610c 00000004 b irrstRefCount
00136110 00000004 b kHeld
00136114 00000004 b srvPmHandle
00136118 00000004 b ptmSysmHandle
0013611c 00000004 b ptmSysmRefCount
00136120 00000008 b sdmcArchive
00136128 00000001 b sdmcInitialised
00136130 00000080 b fsExemptArchives
001361b0 00000004 b fsuHandle
001361b4 00000004 b fsuRefCount
001361b8 00000028 B __malloc_current_mallinfo
001361e0 00000004 B __malloc_max_sbrked_mem
001361e4 00000004 B __malloc_max_total_mem
001361e8 00000004 B __malloc_top_pad
001361ec 00000004 b heap_start.7089
001361f0 00000004 B fake_heap_end
001361f4 00000004 B fake_heap_start
001361f8 00001000 b temp_cwd
001371f8 00000038 B __syscalls
00137230 0000004c B currentCopy
0013727c 00000008 B gfxBottomFramebuffers
00137284 00000004 B gspSharedMemHandle
00137288 0000001c B bottomFramebufferInfo
001372a4 00000004 B gspEvent
001372a8 00000008 B gfxTopLeftFramebuffers
001372b0 00000008 B gfxTopRightFramebuffers
001372b8 0000001c B topFramebufferInfo
001372d4 00000001 B gfxThreadID
001372d8 00000004 B gfxSharedMemory
001372dc 00000004 B gfxTopFramebufferMaxSize
001372e0 00000004 B gfxBottomFramebufferMaxSize
001372e4 00000004 B gxCmdBuf
001372e8 00000004 B gspGpuHandle
001372ec 00000004 B hidMemHandle
001372f0 00000004 B hidHandle
001372f4 00000004 B hidSharedMem
001372f8 00000014 B hidEvents
0013730c 00000004 B __httpc_servhandle
00137310 00000004 B __httpc_sharedmem_addr
00137314 00000004 B __system_retAddr
00137318 00000004 B __ctru_linear_heap
0013731c 00000004 B __ctru_heap
00137320 00000004 B __system_argv
00137324 00000004 B __system_argc
00137328 00000004 B irrstHandle
0013732c 00000004 B irrstEvent
00137330 00000004 B irrstMemHandle
00137334 00000004 B irrstSharedMem
00137338 B __tls_start
00138744 B __bss_end__
00138744 A __end__
00138744 B __tls_end
